<?xml version="1.0" encoding="UTF-8"?>
<!-- Generated by org.testng.reporters.JUnitReportReporter -->
<testsuite hostname="LAPTOP-820ERDM2" failures="0" tests="1" name="test.VerifyLOGINTOFACEBOOK" time="10.372" errors="0" timestamp="2022-10-03T18:14:22 IST" skipped="0">
  <testcase classname="test.VerifyLOGINTOFACEBOOK" name="senddata" time="10.372"/>
  <system-out/>
</testsuite> <!-- test.VerifyLOGINTOFACEBOOK -->
