<?xml version="1.0" encoding="UTF-8"?>
<!-- Generated by org.testng.reporters.JUnitReportReporter -->
<testsuite hostname="LAPTOP-820ERDM2" failures="0" tests="2" name="test.Testng2" time="11.831" errors="0" timestamp="2022-09-24T19:00:03 IST" skipped="0">
  <testcase classname="test.Testng2" name="Verifygotomessengerpage" time="7.774"/>
  <system-out/>
  <testcase classname="test.Testng2" name="Verifygotohelfcenter" time="4.057"/>
  <system-out/>
</testsuite> <!-- test.Testng2 -->
