<?xml version="1.0" encoding="UTF-8"?>
<!-- Generated by org.testng.reporters.JUnitReportReporter -->
<testsuite hostname="LAPTOP-820ERDM2" failures="0" tests="4" name="test.Newif_elsebrowsersetup" time="71.176" errors="0" timestamp="2022-10-21T18:56:16 IST" skipped="0">
  <testcase classname="test.Newif_elsebrowsersetup" name="Verifygotohelfcenter" time="11.303"/>
  <system-out/>
  <testcase classname="test.Newif_elsebrowsersetup" name="Verifygotomessengerpage" time="30.031"/>
  <system-out/>
  <testcase classname="test.Newif_elsebrowsersetup" name="Verifygotohelfcenter" time="7.026"/>
  <system-out/>
  <testcase classname="test.Newif_elsebrowsersetup" name="Verifygotomessengerpage" time="22.816"/>
  <system-out/>
</testsuite> <!-- test.Newif_elsebrowsersetup -->
