<?xml version="1.0" encoding="UTF-8"?>
<!-- Generated by org.testng.reporters.JUnitReportReporter -->
<testsuite hostname="LAPTOP-820ERDM2" failures="0" tests="1" name="test.Class456" time="0.000" errors="0" timestamp="2022-10-18T17:52:58 IST" skipped="1">
  <testcase classname="test.Class456" name="test" time="0.000">
    <skipped/>
  </testcase> <!-- test -->
  <system-out/>
</testsuite> <!-- test.Class456 -->
