<?xml version="1.0" encoding="UTF-8"?>
<!-- Generated by org.testng.reporters.JUnitReportReporter -->
<testsuite hostname="LAPTOP-820ERDM2" failures="0" tests="1" name="test.FinalCLasstestng" time="1.838" errors="0" timestamp="2022-10-29T18:54:13 IST" skipped="0">
  <testcase classname="test.FinalCLasstestng" name="verifyloginSENDDATA" time="1.838"/>
  <system-out/>
</testsuite> <!-- test.FinalCLasstestng -->
