<?xml version="1.0" encoding="UTF-8"?>
<!-- Generated by org.testng.reporters.JUnitReportReporter -->
<testsuite hostname="LAPTOP-820ERDM2" failures="0" tests="2" name="test.Softassert" time="0.000" errors="0" timestamp="2022-10-18T17:52:58 IST" skipped="2">
  <testcase classname="test.Softassert" name="Verifygotomessengerpage" time="0.000">
    <skipped/>
  </testcase> <!-- Verifygotomessengerpage -->
  <system-out/>
  <testcase classname="test.Softassert" name="Verifygotohelfcenter" time="0.000">
    <skipped/>
  </testcase> <!-- Verifygotohelfcenter -->
  <system-out/>
</testsuite> <!-- test.Softassert -->
